<?xml version="1.0" encoding="UTF-8"?>
<testsuite xmlns:xsi="http://www.w3.org/2001/XMLSchema-instance" xsi:noNamespaceSchemaLocation="https://maven.apache.org/surefire/maven-surefire-plugin/xsd/surefire-test-report-3.0.xsd" version="3.0" name="ForgotPasswordTest" time="69.783" tests="7" errors="0" skipped="0" failures="0">
  <properties>
[...]
</properties>
  <testcase name="testSubmitViaEnterKey" classname="ForgotPasswordTest" time="12.369"/>
  <testcase name="testEmailFieldAcceptsInput" classname="ForgotPasswordTest" time="10.591"/>
  <testcase name="testInvalidEmailFormat" classname="ForgotPasswordTest" time="10.849"/>
  <testcase name="testPageLoadsCorrectly" classname="ForgotPasswordTest" time="9.24"/>
  <testcase name="testValidEmailSubmission" classname="ForgotPasswordTest" time="8.551"/>
  <testcase name="testEmailFieldClearable" classname="ForgotPasswordTest" time="9.074"/>
  <testcase name="testEmptyEmailSubmission" classname="ForgotPasswordTest" time="9.057"/>
</testsuite>